[setup] Installing/verifying dependencies...

Python: Python 3.8.3
Working dir: /home/skk/paper/SafeScale-MATD3

============================================================
SafeScale-MATD3 Experiment Suite
============================================================

[1/8] Running convergence experiment ...
      Done → fig_convergence.{pdf,png}

[2/8] Running safety violation & AoI evaluation ...
================================================================================
Method                   m=1 (ε≤0.01)       m=2 (ε≤0.05)       m=3 (ε≤0.20)      
================================================================================
SafeScale-MATD3          0.5007 NO         0.5616 NO         0.7074 NO        
MA-TD3                   0.6425 NO         0.6103 NO         0.3547 NO        
DD3QN-AS                 0.6486 NO         0.6318 NO         0.4378 NO        
Mod-MADDPG               0.4732 NO         0.4248 NO         0.9877 NO        
ILCHO                    0.0122 NO         0.9978 NO         0.9877 NO        
MVT                      0.6436 NO         0.6112 NO         0.3555 NO        
Round-Robin              0.6452 NO         0.6123 NO         0.3567 NO        
AMDT                     0.6439 NO         0.6114 NO         0.3558 NO        
================================================================================

[3/8] Running ping-pong spike validation ...
      Done → fig_spike_validation.{pdf,png}

[4/8] Running ablation study ...
  Ablation safety table:
================================================================================
Method                   m=1 (ε≤0.01)       m=2 (ε≤0.05)       m=3 (ε≤0.20)      
================================================================================
SafeScale-MATD3          0.5009 NO         0.5615 NO         0.7075 NO        
w/o SafetyVQ             0.4945 NO         0.5649 NO         0.7170 NO        
w/o ProactiveHO          0.4948 NO         0.5631 NO         0.7021 NO        
w/o PriorityWeight       0.5156 NO         0.5518 NO         0.6982 NO        
MA-TD3                   0.6425 NO         0.6102 NO         0.3548 NO        
================================================================================

[5/8] Running handover breakdown ...
========================================================================
Method                   Forced/slot    Disc/slot      PingPong/slot
========================================================================
SafeScale-MATD3          0.0000         0.0576         0.0000
MA-TD3                   0.0000         0.0000         0.0000
DD3QN-AS                 0.0000         0.0000         0.0000
Mod-MADDPG               0.0000         0.0000         0.0000
ILCHO                    0.0000         0.0625         0.0000
MVT                      0.0000         0.0000         0.0000
Round-Robin              0.0000         0.0000         0.0000
AMDT                     0.0000         0.0000         0.0000
========================================================================

[6/8] Running sensitivity analysis ...

── Sensitivity: n_ac ──
Value        ViolRate_m1      AvgAoI_m1      AvgAoI_all
20           0.4189           11.44          36.84
30           0.4602           17.65          49.11
50           0.5009           31.30          75.24
75           0.5197           48.18          105.76
100          0.5351           66.23          135.17

── Sensitivity: ho_delay_mean_ms ──
Value        ViolRate_m1      AvgAoI_m1      AvgAoI_all
100.0        0.4969           30.84          75.01
150.0        0.4996           31.16          74.93
225.0        0.5009           31.30          75.24
300.0        0.5002           31.24          75.49
375.0        0.5020           31.41          75.41

── Sensitivity: ho_period_s ──
Value        ViolRate_m1      AvgAoI_m1      AvgAoI_all
5.0          0.5077           32.19          74.55
10.0         0.4978           31.00          76.11
15.0         0.5009           31.30          75.24
20.0         0.4977           30.94          74.74
30.0         0.4971           30.87          75.33

── Sensitivity: w_handover ──
Value        ViolRate_m1      AvgAoI_m1      AvgAoI_all
0.0          0.5009           31.30          75.24
0.1          0.5009           31.30          75.24
0.3          0.5009           31.30          75.24
0.6          0.5009           31.30          75.24
1.0          0.5009           31.30          75.24

[7/8] Running Energy–AoI Pareto frontier ...
      Done → fig_pareto.{pdf,png}

[8/8] Saving JSON summary ...

============================================================
All experiments complete.
  Figures : outputs/figures
  Summary : outputs/results/summary.json
============================================================

Done.
Figures : /home/skk/paper/SafeScale-MATD3/outputs/figures
Summary : /home/skk/paper/SafeScale-MATD3/outputs/results/summary.json
[setup] Installing/verifying dependencies...

Python: Python 3.8.3
Working dir: /home/skk/paper/SafeScale-MATD3

[mode] FAST – n_episodes=100, n_seeds=2, eval_episodes=20, episode_slots=60
[mode] NN   – PyTorch+CUDA neural-network TD3 policies
============================================================
SafeScale-MATD3 Experiment Suite  [Rule-based]
============================================================

[1/8] Running convergence experiment ...
      Done → fig_convergence.{pdf,png}

[2/8] Running safety violation & AoI evaluation ...
================================================================================
Method                   m=1 (ε≤0.01)       m=2 (ε≤0.05)       m=3 (ε≤0.20)      
================================================================================
SafeScale-MATD3          0.0215 NO         0.0419 OK         0.0000 OK        
MA-TD3                   0.1117 NO         0.0173 OK         0.0000 OK        
DD3QN-AS                 0.1196 NO         0.0218 OK         0.0000 OK        
Mod-MADDPG               0.0847 NO         0.0121 OK         0.0000 OK        
ILCHO                    0.0042 OK         0.0417 OK         0.0000 OK        
MVT                      0.1228 NO         0.0208 OK         0.0000 OK        
Round-Robin              0.1230 NO         0.0209 OK         0.0000 OK        
AMDT                     0.1228 NO         0.0208 OK         0.0000 OK        
================================================================================

[3/8] Running ping-pong spike validation ...
      Done → fig_spike_validation.{pdf,png}

[4/8] Running ablation study ...
  Ablation safety table:
================================================================================
Method                   m=1 (ε≤0.01)       m=2 (ε≤0.05)       m=3 (ε≤0.20)      
================================================================================
SafeScale-MATD3          0.0211 NO         0.0422 OK         0.0000 OK        
w/o SafetyVQ             0.0532 NO         0.0251 OK         0.0000 OK        
w/o ProactiveHO          0.0156 NO         0.0324 OK         0.0000 OK        
w/o PriorityWeight       0.0218 NO         0.0414 OK         0.0000 OK        
MA-TD3                   0.1096 NO         0.0187 OK         0.0000 OK        
================================================================================

[5/8] Running handover breakdown ...
========================================================================
Method                   Forced/slot    Disc/slot      PingPong/slot
========================================================================
SafeScale-MATD3          0.0000         0.1298         0.0000
MA-TD3                   0.0000         0.0000         0.0000
DD3QN-AS                 0.0000         0.0000         0.0000
Mod-MADDPG               0.0000         0.0000         0.0000
ILCHO                    0.0000         0.0667         0.0000
MVT                      0.0000         0.0000         0.0000
Round-Robin              0.0000         0.0000         0.0000
AMDT                     0.0000         0.0000         0.0000
========================================================================

[6/8] Running sensitivity analysis ...

── Sensitivity: n_ac ──
Value        ViolRate_m1      AvgAoI_m1      AvgAoI_all
20           0.0343           1.90          5.10
30           0.0278           1.86          4.94
50           0.0220           1.81          4.91
75           0.0184           1.78          4.89
100          0.0167           1.71          4.90

── Sensitivity: ho_delay_mean_ms ──
Value        ViolRate_m1      AvgAoI_m1      AvgAoI_all
100.0        0.0167           1.83          4.89
150.0        0.0179           1.90          4.91
225.0        0.0220           1.81          4.91
300.0        0.0301           1.74          4.94
375.0        0.0383           1.67          4.79

── Sensitivity: ho_period_s ──
Value        ViolRate_m1      AvgAoI_m1      AvgAoI_all
5.0          0.0355           1.67          4.91
10.0         0.0250           1.77          4.91
15.0         0.0220           1.81          4.91
20.0         0.0213           1.84          4.93
30.0         0.0197           1.84          4.89

── Sensitivity: w_handover ──
Value        ViolRate_m1      AvgAoI_m1      AvgAoI_all
0.0          0.0220           1.81          4.91
0.1          0.0220           1.81          4.91
0.3          0.0220           1.81          4.91
0.6          0.0220           1.81          4.91
1.0          0.0220           1.81          4.91

[7/8] Running Energy–AoI Pareto frontier ...
      Done → fig_pareto.{pdf,png}

[8/8] Saving JSON summary ...

============================================================
All experiments complete.
  Figures : outputs/figures
  Summary : outputs/results/summary.json
============================================================

Done.
Figures : /home/skk/paper/SafeScale-MATD3/outputs/figures
Summary : /home/skk/paper/SafeScale-MATD3/outputs/results/summary.json
